<?xml version="1.0" encoding="UTF-8"?>
<!-- Generated by org.testng.reporters.JUnitReportReporter -->
<testsuite skipped="0" hostname="DESKTOP-FNN1SS2" name="org.win.ExampleWindowNewTab" tests="2" failures="0" timestamp="26 Dec 2022 16:53:54 GMT" time="23.893" errors="0">
  <testcase name="google" time="14.739" classname="org.win.ExampleWindowNewTab"/>
  <testcase name="facebook" time="9.154" classname="org.win.ExampleWindowNewTab"/>
</testsuite> <!-- org.win.ExampleWindowNewTab -->
